TN:
SF:src\index.ts
FN:15,(anonymous_6)
FN:32,(anonymous_7)
FN:34,(anonymous_8)
FN:77,(anonymous_9)
FN:131,(anonymous_10)
FN:143,(anonymous_11)
FN:152,(anonymous_12)
FNF:7
FNH:0
FNDA:0,(anonymous_6)
FNDA:0,(anonymous_7)
FNDA:0,(anonymous_8)
FNDA:0,(anonymous_9)
FNDA:0,(anonymous_10)
FNDA:0,(anonymous_11)
FNDA:0,(anonymous_12)
DA:1,0
DA:2,0
DA:3,0
DA:8,0
DA:9,0
DA:16,0
DA:28,0
DA:29,0
DA:34,0
DA:35,0
DA:77,0
DA:78,0
DA:79,0
DA:81,0
DA:83,0
DA:84,0
DA:87,0
DA:93,0
DA:94,0
DA:99,0
DA:105,0
DA:106,0
DA:109,0
DA:110,0
DA:111,0
DA:113,0
DA:119,0
DA:120,0
DA:126,0
DA:131,0
DA:132,0
DA:144,0
DA:145,0
DA:146,0
DA:151,0
DA:152,0
DA:153,0
DA:154,0
LF:38
LH:0
BRDA:81,0,0,0
BRDA:81,0,1,0
BRDA:81,0,2,0
BRDA:81,0,3,0
BRDA:83,1,0,0
BRDA:83,2,0,0
BRDA:83,2,1,0
BRDA:87,3,0,0
BRDA:87,4,0,0
BRDA:105,5,0,0
BRDA:105,6,0,0
BRDA:105,6,1,0
BRF:12
BRH:0
end_of_record
TN:
SF:src\watcher.ts
FN:20,(anonymous_6)
FN:26,(anonymous_7)
FN:36,(anonymous_8)
FN:45,(anonymous_9)
FN:52,(anonymous_10)
FN:59,(anonymous_11)
FN:66,(anonymous_12)
FN:74,(anonymous_13)
FN:85,(anonymous_14)
FN:89,(anonymous_15)
FN:90,(anonymous_16)
FNF:11
FNH:10
FNDA:9,(anonymous_6)
FNDA:11,(anonymous_7)
FNDA:1,(anonymous_8)
FNDA:1,(anonymous_9)
FNDA:1,(anonymous_10)
FNDA:1,(anonymous_11)
FNDA:0,(anonymous_12)
FNDA:2,(anonymous_13)
FNDA:3,(anonymous_14)
FNDA:1,(anonymous_15)
FNDA:2,(anonymous_16)
DA:1,1
DA:2,1
DA:3,1
DA:16,1
DA:21,9
DA:22,9
DA:23,9
DA:27,11
DA:28,1
DA:31,10
DA:37,1
DA:38,1
DA:42,10
DA:44,10
DA:46,1
DA:53,1
DA:60,1
DA:67,0
DA:70,10
DA:71,10
DA:75,2
DA:76,2
DA:77,1
DA:80,1
DA:81,1
DA:82,1
DA:86,3
DA:90,2
DA:91,1
DA:92,1
DA:93,1
LF:31
LH:30
BRDA:27,0,0,1
BRDA:35,1,0,9
BRDA:35,1,1,1
BRDA:76,2,0,1
BRF:4
BRH:4
end_of_record
