TN:
SF:src\analyzer.ts
FN:70,(anonymous_7)
FN:86,(anonymous_8)
FN:102,(anonymous_9)
FN:104,(anonymous_10)
FN:118,(anonymous_11)
FN:123,(anonymous_12)
FN:125,(anonymous_13)
FN:153,(anonymous_14)
FN:166,(anonymous_15)
FN:185,(anonymous_16)
FN:200,(anonymous_17)
FN:204,(anonymous_18)
FN:209,(anonymous_19)
FN:221,(anonymous_20)
FN:227,(anonymous_21)
FN:234,(anonymous_22)
FN:238,(anonymous_23)
FN:245,(anonymous_24)
FN:253,(anonymous_25)
FN:257,(anonymous_26)
FN:276,(anonymous_27)
FN:278,(anonymous_28)
FN:281,(anonymous_29)
FN:284,(anonymous_30)
FN:291,(anonymous_31)
FN:296,(anonymous_32)
FN:302,(anonymous_33)
FN:308,(anonymous_34)
FN:323,(anonymous_35)
FN:326,(anonymous_36)
FN:331,(anonymous_37)
FN:350,(anonymous_38)
FN:353,(anonymous_39)
FN:357,(anonymous_40)
FN:371,(anonymous_41)
FN:374,(anonymous_42)
FN:378,(anonymous_43)
FN:382,(anonymous_44)
FNF:38
FNH:23
FNDA:5,(anonymous_7)
FNDA:112,(anonymous_8)
FNDA:2,(anonymous_9)
FNDA:1,(anonymous_10)
FNDA:7,(anonymous_11)
FNDA:1,(anonymous_12)
FNDA:4,(anonymous_13)
FNDA:4,(anonymous_14)
FNDA:1,(anonymous_15)
FNDA:4,(anonymous_16)
FNDA:3,(anonymous_17)
FNDA:1,(anonymous_18)
FNDA:1,(anonymous_19)
FNDA:1,(anonymous_20)
FNDA:0,(anonymous_21)
FNDA:3,(anonymous_22)
FNDA:2,(anonymous_23)
FNDA:1,(anonymous_24)
FNDA:4,(anonymous_25)
FNDA:1,(anonymous_26)
FNDA:6,(anonymous_27)
FNDA:7,(anonymous_28)
FNDA:5,(anonymous_29)
FNDA:2,(anonymous_30)
FNDA:0,(anonymous_31)
FNDA:0,(anonymous_32)
FNDA:0,(anonymous_33)
FNDA:0,(anonymous_34)
FNDA:0,(anonymous_35)
FNDA:0,(anonymous_36)
FNDA:0,(anonymous_37)
FNDA:0,(anonymous_38)
FNDA:0,(anonymous_39)
FNDA:0,(anonymous_40)
FNDA:0,(anonymous_41)
FNDA:0,(anonymous_42)
FNDA:0,(anonymous_43)
FNDA:0,(anonymous_44)
DA:1,1
DA:2,1
DA:3,1
DA:69,1
DA:71,5
DA:78,5
DA:86,5
DA:87,112
DA:88,3
DA:89,3
DA:92,112
DA:93,2
DA:94,2
DA:98,112
DA:99,3
DA:100,3
DA:102,2
DA:104,1
DA:110,112
DA:111,1
DA:112,1
DA:118,1
DA:119,7
DA:120,3
DA:121,3
DA:123,1
DA:125,4
DA:130,4
DA:131,3
DA:132,3
DA:141,1
DA:145,112
DA:146,1
DA:147,1
DA:153,1
DA:154,4
DA:155,2
DA:156,2
DA:162,2
DA:163,2
DA:164,2
DA:166,1
DA:174,1
DA:178,112
DA:181,5
DA:182,5
DA:186,4
DA:191,4
DA:199,4
DA:201,3
DA:205,1
DA:206,1
DA:208,1
DA:209,1
DA:210,1
DA:212,1
DA:214,0
DA:215,0
DA:222,1
DA:223,1
DA:228,0
DA:229,0
DA:230,0
DA:235,3
DA:236,3
DA:238,2
DA:246,1
DA:247,1
DA:253,1
DA:254,4
DA:255,3
DA:257,1
DA:261,1
DA:262,0
DA:268,1
DA:273,4
DA:277,6
DA:278,7
DA:279,2
DA:281,5
DA:282,2
DA:284,2
DA:285,2
DA:288,0
DA:292,0
DA:294,0
DA:295,0
DA:296,0
DA:297,0
DA:300,0
DA:301,0
DA:302,0
DA:303,0
DA:306,0
DA:307,0
DA:308,0
DA:309,0
DA:310,0
DA:311,0
DA:312,0
DA:314,0
DA:318,0
DA:321,0
DA:322,0
DA:323,0
DA:324,0
DA:326,0
DA:327,0
DA:328,0
DA:331,0
DA:332,0
DA:333,0
DA:334,0
DA:335,0
DA:336,0
DA:338,0
DA:343,0
DA:344,0
DA:348,0
DA:349,0
DA:350,0
DA:351,0
DA:353,0
DA:354,0
DA:357,0
DA:358,0
DA:363,0
DA:364,0
DA:368,0
DA:372,0
DA:373,0
DA:375,0
DA:376,0
DA:378,0
DA:379,0
DA:380,0
DA:382,0
DA:386,0
DA:387,0
DA:393,0
DA:400,0
LF:141
LH:77
BRDA:87,0,0,3
BRDA:92,1,0,2
BRDA:93,2,0,2
BRDA:98,3,0,3
BRDA:99,4,0,3
BRDA:103,5,0,1
BRDA:103,5,1,2
BRDA:104,6,0,3
BRDA:104,6,1,2
BRDA:110,7,0,1
BRDA:111,8,0,1
BRDA:119,9,0,3
BRDA:119,9,1,4
BRDA:120,10,0,3
BRDA:124,11,0,1
BRDA:124,11,1,2
BRDA:125,12,0,3
BRDA:125,12,1,0
BRDA:130,13,0,3
BRDA:131,14,0,3
BRDA:134,15,0,3
BRDA:134,15,1,0
BRDA:145,16,0,1
BRDA:146,17,0,1
BRDA:154,18,0,2
BRDA:154,18,1,2
BRDA:155,19,0,2
BRDA:158,20,0,2
BRDA:158,20,1,0
BRDA:162,21,0,2
BRDA:163,22,0,2
BRDA:167,23,0,2
BRDA:167,23,1,0
BRDA:205,24,0,1
BRDA:208,25,0,1
BRDA:208,26,0,1
BRDA:208,26,1,1
BRDA:210,27,0,1
BRDA:210,28,0,1
BRDA:210,28,1,1
BRDA:210,28,2,1
BRDA:214,29,0,0
BRDA:222,30,0,1
BRDA:229,31,0,0
BRDA:235,32,0,3
BRDA:246,33,0,1
BRDA:254,34,0,3
BRDA:254,34,1,1
BRDA:254,35,0,4
BRDA:254,35,1,4
BRDA:261,36,0,0
BRDA:277,37,0,6
BRDA:278,38,0,2
BRDA:281,39,0,2
BRDA:284,40,0,2
BRDA:294,41,0,0
BRDA:300,42,0,0
BRDA:306,43,0,0
BRDA:310,44,0,0
BRDA:311,45,0,0
BRDA:312,46,0,0
BRDA:312,46,1,0
BRDA:315,47,0,0
BRDA:315,47,1,0
BRDA:321,48,0,0
BRDA:327,49,0,0
BRDA:327,49,1,0
BRDA:328,50,0,0
BRDA:328,50,1,0
BRDA:333,51,0,0
BRDA:334,52,0,0
BRDA:335,53,0,0
BRDA:336,54,0,0
BRDA:336,54,1,0
BRDA:339,55,0,0
BRDA:339,55,1,0
BRDA:348,56,0,0
BRDA:354,57,0,0
BRDA:354,57,1,0
BRDA:358,58,0,0
BRDA:358,58,1,0
BRDA:379,59,0,0
BRDA:379,59,1,0
BRDA:379,60,0,0
BRDA:379,60,1,0
BRDA:386,61,0,0
BRF:86
BRH:48
end_of_record
TN:
SF:src\index.ts
FN:15,(anonymous_6)
FN:32,(anonymous_7)
FN:34,(anonymous_8)
FN:69,(anonymous_9)
FN:141,(anonymous_10)
FN:143,(anonymous_11)
FN:149,(anonymous_12)
FN:158,(anonymous_13)
FNF:8
FNH:0
FNDA:0,(anonymous_6)
FNDA:0,(anonymous_7)
FNDA:0,(anonymous_8)
FNDA:0,(anonymous_9)
FNDA:0,(anonymous_10)
FNDA:0,(anonymous_11)
FNDA:0,(anonymous_12)
FNDA:0,(anonymous_13)
DA:1,0
DA:2,0
DA:3,0
DA:7,0
DA:8,0
DA:9,0
DA:16,0
DA:28,0
DA:29,0
DA:34,0
DA:35,0
DA:69,0
DA:70,0
DA:71,0
DA:73,0
DA:75,0
DA:76,0
DA:79,0
DA:80,0
DA:83,0
DA:84,0
DA:85,0
DA:86,0
DA:88,0
DA:91,0
DA:97,0
DA:98,0
DA:101,0
DA:102,0
DA:104,0
DA:105,0
DA:107,0
DA:108,0
DA:110,0
DA:111,0
DA:112,0
DA:115,0
DA:116,0
DA:117,0
DA:118,0
DA:120,0
DA:123,0
DA:125,0
DA:126,0
DA:130,0
DA:136,0
DA:142,0
DA:143,0
DA:144,0
DA:145,0
DA:150,0
DA:151,0
DA:152,0
DA:157,0
DA:158,0
DA:159,0
DA:160,0
LF:57
LH:0
BRDA:73,0,0,0
BRDA:73,0,1,0
BRDA:73,0,2,0
BRDA:75,1,0,0
BRDA:75,2,0,0
BRDA:75,2,1,0
BRDA:83,3,0,0
BRDA:83,3,1,0
BRDA:85,4,0,0
BRDA:85,4,1,0
BRDA:97,5,0,0
BRDA:97,6,0,0
BRDA:97,6,1,0
BRDA:101,7,0,0
BRDA:108,8,0,0
BRDA:115,9,0,0
BRDA:115,9,1,0
BRDA:117,10,0,0
BRDA:117,10,1,0
BRF:19
BRH:0
end_of_record
