TN:
SF:src\contextManager.ts
FN:15,(anonymous_6)
FN:21,(anonymous_7)
FN:38,(anonymous_8)
FN:47,(anonymous_9)
FN:61,(anonymous_10)
FN:72,(anonymous_11)
FN:75,(anonymous_12)
FN:78,(anonymous_13)
FN:82,(anonymous_14)
FN:87,(anonymous_15)
FNF:10
FNH:9
FNDA:3,(anonymous_6)
FNDA:3,(anonymous_7)
FNDA:108,(anonymous_8)
FNDA:108,(anonymous_9)
FNDA:500,(anonymous_10)
FNDA:3,(anonymous_11)
FNDA:250,(anonymous_12)
FNDA:101,(anonymous_13)
FNDA:1,(anonymous_14)
FNDA:0,(anonymous_15)
DA:1,1
DA:2,1
DA:10,1
DA:12,3
DA:16,3
DA:17,3
DA:18,3
DA:22,3
DA:23,3
DA:25,3
DA:26,3
DA:27,0
DA:28,0
DA:29,0
DA:30,0
DA:34,0
DA:39,108
DA:40,108
DA:48,108
DA:55,108
DA:56,108
DA:59,108
DA:60,5
DA:61,500
DA:62,5
DA:64,5
DA:65,5
DA:66,5
DA:67,5
DA:74,3
DA:75,250
DA:77,3
DA:78,101
DA:83,1
DA:84,1
DA:85,1
DA:86,1
DA:88,0
DA:92,0
LF:39
LH:32
BRDA:27,0,0,0
BRDA:59,1,0,5
BRF:2
BRH:1
end_of_record
TN:
SF:src\index.ts
FN:14,(anonymous_0)
FN:31,(anonymous_1)
FN:33,(anonymous_2)
FN:72,(anonymous_3)
FN:120,(anonymous_4)
FN:129,(anonymous_5)
FNF:6
FNH:0
FNDA:0,(anonymous_0)
FNDA:0,(anonymous_1)
FNDA:0,(anonymous_2)
FNDA:0,(anonymous_3)
FNDA:0,(anonymous_4)
FNDA:0,(anonymous_5)
DA:1,0
DA:2,0
DA:3,0
DA:7,0
DA:15,0
DA:27,0
DA:28,0
DA:33,0
DA:34,0
DA:72,0
DA:73,0
DA:74,0
DA:76,0
DA:78,0
DA:79,0
DA:80,0
DA:86,0
DA:87,0
DA:90,0
DA:96,0
DA:102,0
DA:108,0
DA:109,0
DA:115,0
DA:121,0
DA:122,0
DA:123,0
DA:128,0
DA:129,0
DA:130,0
DA:131,0
LF:31
LH:0
BRDA:76,0,0,0
BRDA:76,0,1,0
BRDA:76,0,2,0
BRDA:76,0,3,0
BRDA:78,1,0,0
BRDA:78,1,1,0
BRDA:86,2,0,0
BRDA:86,3,0,0
BRDA:86,3,1,0
BRDA:90,4,0,0
BRF:10
BRH:0
end_of_record
TN:
SF:src\manager.ts
FN:17,(anonymous_6)
FN:22,(anonymous_7)
FN:27,(anonymous_8)
FN:46,(anonymous_9)
FN:59,(anonymous_10)
FN:71,(anonymous_11)
FN:80,(anonymous_12)
FN:92,(anonymous_13)
FN:97,(anonymous_14)
FNF:9
FNH:8
FNDA:9,(anonymous_6)
FNDA:9,(anonymous_7)
FNDA:11,(anonymous_8)
FNDA:5,(anonymous_9)
FNDA:4,(anonymous_10)
FNDA:3,(anonymous_11)
FNDA:3,(anonymous_12)
FNDA:1,(anonymous_13)
FNDA:0,(anonymous_14)
DA:1,1
DA:2,1
DA:3,1
DA:11,1
DA:18,9
DA:19,9
DA:20,9
DA:21,9
DA:22,9
DA:23,9
DA:28,11
DA:29,11
DA:30,11
DA:31,11
DA:32,10
DA:34,10
DA:35,9
DA:38,1
DA:41,9
DA:42,9
DA:47,5
DA:48,5
DA:54,0
DA:55,0
DA:61,4
DA:64,4
DA:65,1
DA:68,4
DA:72,3
DA:73,3
DA:75,3
DA:76,1
DA:79,2
DA:80,2
DA:81,3
DA:82,3
DA:83,3
DA:84,3
DA:85,3
DA:86,3
DA:89,2
DA:93,1
DA:94,1
DA:98,0
LF:44
LH:41
BRDA:17,0,0,8
BRDA:34,1,0,9
BRDA:64,2,0,1
BRDA:72,3,0,3
BRDA:72,3,1,2
BRDA:75,4,0,1
BRF:6
BRH:6
end_of_record
